Build started 2017.01.11 12:18:31.
     1>Project "C:\Users\James\Documents\Visual Studio 2012\1x01 C++ Fundamentals\1x02 Data Structures in C\1x02 Data Structures in C\1x02 Data Structures in C.vcxproj" on node 2 (Build target(s)).
     1>ClCompile:
         C:\Program Files (x86)\Microsoft Visual Studio 11.0\VC\bin\CL.exe /c /ZI /nologo /W3 /WX- /Od /Oy- /D WIN32 /D _DEBUG /D _CONSOLE /D _UNICODE /D UNICODE /Gm /EHsc /RTC1 /MDd /GS /fp:precise /Zc:wchar_t /Zc:forScope /Yu"stdafx.h" /Fp"Debug\1x02 Data Structures in C.pch" /Fo"Debug\\" /Fd"Debug\vc110.pdb" /Gd /TP /analyze- /errorReport:prompt _0x0Z_MyLinkedList.cpp
         _0x0Z_MyLinkedList.cpp
     1>c:\users\james\documents\visual studio 2012\1x01 c++ fundamentals\1x02 data structures in c\1x02 data structures in c\_0x0z_mylinkedlist.cpp(63): warning C4996: 'scanf': This function or variable may be unsafe. Consider using scanf_s instead. To disable deprecation, use _CRT_SECURE_NO_WARNINGS. See online help for details.
                 c:\program files (x86)\microsoft visual studio 11.0\vc\include\stdio.h(290) : see declaration of 'scanf'
     1>c:\users\james\documents\visual studio 2012\1x01 c++ fundamentals\1x02 data structures in c\1x02 data structures in c\_0x0z_mylinkedlist.cpp(42): warning C4101: 'Item' : unreferenced local variable
     1>c:\users\james\documents\visual studio 2012\1x01 c++ fundamentals\1x02 data structures in c\1x02 data structures in c\_0x0z_mylinkedlist.cpp(89): warning C4996: 'scanf': This function or variable may be unsafe. Consider using scanf_s instead. To disable deprecation, use _CRT_SECURE_NO_WARNINGS. See online help for details.
                 c:\program files (x86)\microsoft visual studio 11.0\vc\include\stdio.h(290) : see declaration of 'scanf'
       Link:
         C:\Program Files (x86)\Microsoft Visual Studio 11.0\VC\bin\link.exe /ERRORREPORT:PROMPT /OUT:"C:\Users\James\Documents\Visual Studio 2012\1x01 C++ Fundamentals\1x02 Data Structures in C\Debug\1x02 Data Structures in C.exe" /INCREMENTAL /NOLOGO kernel32.lib user32.lib gdi32.lib winspool.lib comdlg32.lib advapi32.lib shell32.lib ole32.lib oleaut32.lib uuid.lib odbc32.lib odbccp32.lib /MANIFEST /MANIFESTUAC:"level='asInvoker' uiAccess='false'" /manifest:embed /DEBUG /PDB:"C:\Users\James\Documents\Visual Studio 2012\1x01 C++ Fundamentals\1x02 Data Structures in C\Debug\1x02 Data Structures in C.pdb" /SUBSYSTEM:CONSOLE /TLBID:1 /DYNAMICBASE /NXCOMPAT /IMPLIB:"C:\Users\James\Documents\Visual Studio 2012\1x01 C++ Fundamentals\1x02 Data Structures in C\Debug\1x02 Data Structures in C.lib" /MACHINE:X86 "Debug\1x02 Data Structures in C.obj"
         Debug\stdafx.obj
         Debug\_0x00_MainMenu.obj
         Debug\_0x01_Stacks.obj
         Debug\_0x02_InfixPostfixNotation.obj
         Debug\_0x0Z_MyLinkedList.obj
         1x02 Data Structures in C.vcxproj -> C:\Users\James\Documents\Visual Studio 2012\1x01 C++ Fundamentals\1x02 Data Structures in C\Debug\1x02 Data Structures in C.exe
     1>Done Building Project "C:\Users\James\Documents\Visual Studio 2012\1x01 C++ Fundamentals\1x02 Data Structures in C\1x02 Data Structures in C\1x02 Data Structures in C.vcxproj" (Build target(s)).

Build succeeded.

Time Elapsed 00:00:00.80
